<?xml version="1.0" encoding="UTF-8"?>
<!-- Generated by org.testng.reporters.JUnitXMLReporter -->
<testsuite hostname="NTPC02446" ignored="0" name="Default test" tests="3" failures="0" timestamp="2020-07-09T18:47:33 CAT" time="0.145" errors="0">
  <testcase name="@BeforeTest OpenBrowser" time="-1.594313253198E9" classname="Testing.TestClass">
    <failure type="org.testng.TestNGException" message="
Parameter &amp;apos;OS&amp;apos; is required by BeforeTest on method OpenBrowser but has not been marked @Optional or defined
in C:\Users\Bessie\AppData\Local\Temp\testng-eclipse--1141921303\testng-customsuite.xml">
      <![CDATA[org.testng.TestNGException: 
Parameter 'OS' is required by BeforeTest on method OpenBrowser but has not been marked @Optional or defined
in C:\Users\Bessie\AppData\Local\Temp\testng-eclipse--1141921303\testng-customsuite.xml
at org.testng.internal.Parameters.createParams(Parameters.java:268)
at org.testng.internal.Parameters.createParametersForMethod(Parameters.java:356)
at org.testng.internal.Parameters.createParameters(Parameters.java:700)
at org.testng.internal.Parameters.createConfigurationParameters(Parameters.java:166)
at org.testng.internal.ConfigInvoker.invokeConfigurations(ConfigInvoker.java:299)
at org.testng.TestRunner.invokeTestConfigurations(TestRunner.java:620)
at org.testng.TestRunner.beforeRun(TestRunner.java:610)
at org.testng.TestRunner.run(TestRunner.java:581)
at org.testng.SuiteRunner.runTest(SuiteRunner.java:384)
at org.testng.SuiteRunner.runSequentially(SuiteRunner.java:378)
at org.testng.SuiteRunner.privateRun(SuiteRunner.java:337)
at org.testng.SuiteRunner.run(SuiteRunner.java:286)
at org.testng.SuiteRunnerWorker.runSuite(SuiteRunnerWorker.java:53)
at org.testng.SuiteRunnerWorker.run(SuiteRunnerWorker.java:96)
at org.testng.TestNG.runSuitesSequentially(TestNG.java:1214)
at org.testng.TestNG.runSuitesLocally(TestNG.java:1136)
at org.testng.TestNG.runSuites(TestNG.java:1066)
at org.testng.TestNG.run(TestNG.java:1034)
at org.testng.remote.AbstractRemoteTestNG.run(AbstractRemoteTestNG.java:115)
at org.testng.remote.RemoteTestNG.initAndRun(RemoteTestNG.java:251)
at org.testng.remote.RemoteTestNG.main(RemoteTestNG.java:77)
]]>
    </failure>
  </testcase> <!-- @BeforeTest OpenBrowser -->
  <testcase name="@AfterMethod getResult" time="-1.594313253304E9" classname="Testing.TestClass">
    <skipped/>
  </testcase> <!-- @AfterMethod getResult -->
  <testcase name="@AfterMethod getResult" time="-1.594313253318E9" classname="Testing.TestClass">
    <skipped/>
  </testcase> <!-- @AfterMethod getResult -->
  <testcase name="@AfterMethod getResult" time="-1.594313253329E9" classname="Testing.TestClass">
    <skipped/>
  </testcase> <!-- @AfterMethod getResult -->
  <testcase name="@AfterTest Logout" time="-1.594313253334E9" classname="Testing.TestClass">
    <skipped/>
  </testcase> <!-- @AfterTest Logout -->
  <testcase name="AddToCart" time="0.0" classname="Testing.TestClass">
    <skipped/>
  </testcase> <!-- AddToCart -->
  <testcase name="Login" time="0.0" classname="Testing.TestClass">
    <skipped/>
  </testcase> <!-- Login -->
  <testcase name="PaymentPage" time="0.0" classname="Testing.TestClass">
    <skipped/>
  </testcase> <!-- PaymentPage -->
</testsuite> <!-- Default test -->
